<?xml version="1.0" encoding="UTF-8"?>
<!-- Generated by org.testng.reporters.JUnitReportReporter -->
<testsuite hostname="Ss-MacBook-Pro.local" failures="0" tests="1" name="practo.httprequest" time="2.941" errors="0" timestamp="2024-07-01T12:32:35 IST" skipped="0">
  <testcase classname="practo.httprequest" name="testPopulationByCity" time="2.941"/>
  <system-out/>
</testsuite> <!-- practo.httprequest -->
