<?xml version="1.0" encoding="UTF-8"?>
<!-- Generated by org.testng.reporters.JUnitReportReporter -->
<testsuite hostname="Ss-MacBook-Pro.local" failures="0" tests="1" name="practo.wtest" time="2.127" errors="0" timestamp="2024-07-01T16:00:10 IST" skipped="0">
  <testcase classname="practo.wtest" name="testWeatherInLondon" time="2.127"/>
  <system-out/>
</testsuite> <!-- practo.wtest -->
